#-----------------------------------------------------------
# Vivado v2018.3 (64-bit)
# SW Build 2405991 on Thu Dec  6 23:38:27 MST 2018
# IP Build 2404404 on Fri Dec  7 01:43:56 MST 2018
# Start of session at: Fri Apr 10 10:51:15 2020
# Process ID: 4788
# Current directory: C:/Users/elyot/Desktop/Codesign
# Command line: vivado.exe -gui_launcher_event rodinguilauncherevent12256 C:\Users\elyot\Desktop\Codesign\codesign.xpr
# Log file: C:/Users/elyot/Desktop/Codesign/vivado.log
# Journal file: C:/Users/elyot/Desktop/Codesign\vivado.jou
#-----------------------------------------------------------
start_gui
open_project C:/Users/elyot/Desktop/Codesign/codesign.xpr
Scanning sources...
Finished scanning sources
INFO: [IP_Flow 19-234] Refreshing IP repositories
INFO: [IP_Flow 19-1704] No user IP repositories specified
INFO: [IP_Flow 19-2313] Loaded Vivado IP repository 'C:/Xilinx/Vivado/2018.3/data/ip'.
open_project: Time (s): cpu = 00:00:11 ; elapsed = 00:00:06 . Memory (MB): peak = 738.082 ; gain = 130.262
update_compile_order -fileset sources_1
open_bd_design {C:/Users/elyot/Desktop/Codesign/codesign.srcs/sources_1/bd/ZynqSystem/ZynqSystem.bd}
Adding cell -- xilinx.com:ip:processing_system7:5.5 - processing_system7_0
Adding cell -- xilinx.com:ip:axi_bram_ctrl:4.1 - axi_bram_ctrl_0
Adding cell -- xilinx.com:ip:smartconnect:1.0 - axi_smc
Adding cell -- xilinx.com:ip:proc_sys_reset:5.0 - rst_ps7_0_100M
Adding cell -- xilinx.com:ip:blk_mem_gen:8.4 - axi_bram_ctrl_0_bram
Successfully read diagram <ZynqSystem> from BD file <C:/Users/elyot/Desktop/Codesign/codesign.srcs/sources_1/bd/ZynqSystem/ZynqSystem.bd>
open_bd_design: Time (s): cpu = 00:00:11 ; elapsed = 00:00:08 . Memory (MB): peak = 843.543 ; gain = 102.816
exit
INFO: [Common 17-206] Exiting Vivado at Fri Apr 10 11:39:40 2020...
