#-----------------------------------------------------------
# Vivado v2018.3 (64-bit)
# SW Build 2405991 on Thu Dec  6 23:38:27 MST 2018
# IP Build 2404404 on Fri Dec  7 01:43:56 MST 2018
# Start of session at: Wed May 20 12:13:48 2020
# Process ID: 20024
# Current directory: C:/Users/axel/Desktop/Travail/Codesign/Codesign
# Command line: vivado.exe -gui_launcher_event rodinguilauncherevent18780 C:\Users\axel\Desktop\Travail\Codesign\Codesign\codesign.xpr
# Log file: C:/Users/axel/Desktop/Travail/Codesign/Codesign/vivado.log
# Journal file: C:/Users/axel/Desktop/Travail/Codesign/Codesign\vivado.jou
#-----------------------------------------------------------
start_gui
open_project C:/Users/axel/Desktop/Travail/Codesign/Codesign/codesign.xpr
INFO: [Project 1-313] Project file moved from 'C:/Users/elyot/Desktop/Codesign' since last save.
Scanning sources...
Finished scanning sources
WARNING: [filemgmt 56-2] IPUserFilesDir: Could not find the directory 'C:/Users/axel/Desktop/Travail/Codesign/Codesign/codesign.ip_user_files', nor could it be found using path 'C:/Users/elyot/Desktop/Codesign/codesign.ip_user_files'.
INFO: [IP_Flow 19-234] Refreshing IP repositories
INFO: [IP_Flow 19-1704] No user IP repositories specified
INFO: [IP_Flow 19-2313] Loaded Vivado IP repository 'E:/Xilinx/Vivado/2018.3/data/ip'.
open_project: Time (s): cpu = 00:00:29 ; elapsed = 00:00:23 . Memory (MB): peak = 795.152 ; gain = 199.488
update_compile_order -fileset sources_1
open_bd_design {C:/Users/axel/Desktop/Travail/Codesign/Codesign/codesign.srcs/sources_1/bd/ZynqSystem/ZynqSystem.bd}
Adding cell -- xilinx.com:ip:processing_system7:5.5 - processing_system7_0
Adding cell -- xilinx.com:ip:smartconnect:1.0 - axi_smc
Adding cell -- xilinx.com:ip:proc_sys_reset:5.0 - rst_ps7_0_100M
Adding cell -- xilinx.com:ip:axi_bram_ctrl:4.1 - axi_bram_ctrl_0
Adding cell -- xilinx.com:ip:blk_mem_gen:8.4 - axi_bram_ctrl_0_bram
Successfully read diagram <ZynqSystem> from BD file <C:/Users/axel/Desktop/Travail/Codesign/Codesign/codesign.srcs/sources_1/bd/ZynqSystem/ZynqSystem.bd>
open_bd_design: Time (s): cpu = 00:00:21 ; elapsed = 00:00:18 . Memory (MB): peak = 864.762 ; gain = 65.160
exit
INFO: [Common 17-206] Exiting Vivado at Wed May 20 13:23:50 2020...
